-------------------------------------------------------------------------------
Test set: TestSuite
-------------------------------------------------------------------------------
Tests run: 2, Failures: 1, Errors: 0, Skipped: 0, Time elapsed: 26.589 s <<< FAILURE! - in TestSuite
Shop_new_product(AutomationTestCases)  Time elapsed: 10.47 s  <<< FAILURE!
java.lang.AssertionError: expected [Productss] but found [Products]
	at AutomationTestCases.Shop_new_product(AutomationTestCases.java:38)

